[35m[1mScanning dependencies of target cpp_blob_detector[0m
[ 50%] [32mBuilding CXX object CMakeFiles/cpp_blob_detector.dir/src/main.cpp.o[0m
In file included from [01m[K/home/timur/FormationControlCpp/PythonVersion [Cpp]/src/cpp_blob_detector/src/main.cpp:10[m[K:
[01m[K/opt/ros/galactic/include/cv_bridge/cv_bridge.h:43:10:[m[K [01;31m[Kfatal error: [m[Kopencv2/core/core.hpp: No such file or directory
   43 | #include [01;31m[K<opencv2/core/core.hpp>[m[K
      |          [01;31m[K^~~~~~~~~~~~~~~~~~~~~~~[m[K
compilation terminated.
make[2]: *** [CMakeFiles/cpp_blob_detector.dir/build.make:63: CMakeFiles/cpp_blob_detector.dir/src/main.cpp.o] Error 1
make[1]: *** [CMakeFiles/Makefile2:78: CMakeFiles/cpp_blob_detector.dir/all] Error 2
make: *** [Makefile:141: all] Error 2
