-- The C compiler identification is GNU 9.3.0
-- The CXX compiler identification is GNU 9.3.0
-- Check for working C compiler: /usr/bin/cc
-- Check for working C compiler: /usr/bin/cc -- works
-- Detecting C compiler ABI info
-- Detecting C compiler ABI info - done
-- Detecting C compile features
-- Detecting C compile features - done
-- Check for working CXX compiler: /usr/bin/c++
-- Check for working CXX compiler: /usr/bin/c++ -- works
-- Detecting CXX compiler ABI info
-- Detecting CXX compiler ABI info - done
-- Detecting CXX compile features
-- Detecting CXX compile features - done
-- Found ament_cmake: 1.1.4 (/opt/ros/galactic/share/ament_cmake/cmake)
-- Found PythonInterp: /usr/bin/python3 (found suitable version "3.8.5", minimum required is "3") 
-- Using PYTHON_EXECUTABLE: /usr/bin/python3
-- Found rclcpp: 9.1.0 (/opt/ros/galactic/share/rclcpp/cmake)
-- Using all available rosidl_typesupport_c: rosidl_typesupport_fastrtps_c;rosidl_typesupport_introspection_c
-- Found rosidl_adapter: 2.2.1 (/opt/ros/galactic/share/rosidl_adapter/cmake)
-- Found OpenSSL: /usr/lib/x86_64-linux-gnu/libcrypto.so (found version "1.1.1f")  
-- Found FastRTPS: /opt/ros/galactic/include  
-- Using all available rosidl_typesupport_cpp: rosidl_typesupport_fastrtps_cpp;rosidl_typesupport_introspection_cpp
-- Found rmw_implementation_cmake: 3.3.1 (/opt/ros/galactic/share/rmw_implementation_cmake/cmake)
-- Found rmw_cyclonedds_cpp: 0.22.2 (/opt/ros/galactic/share/rmw_cyclonedds_cpp/cmake)
-- Using RMW implementation 'rmw_cyclonedds_cpp' as default
-- Looking for pthread.h
-- Looking for pthread.h - found
-- Performing Test CMAKE_HAVE_LIBC_PTHREAD
-- Performing Test CMAKE_HAVE_LIBC_PTHREAD - Failed
-- Looking for pthread_create in pthreads
-- Looking for pthread_create in pthreads - not found
-- Looking for pthread_create in pthread
-- Looking for pthread_create in pthread - found
-- Found Threads: TRUE  
-- Found ament_lint_auto: 0.10.6 (/opt/ros/galactic/share/ament_lint_auto/cmake)
-- Added test 'copyright' to check source files copyright and LICENSE
-- Configuring done
-- Generating done
-- Build files have been written to: /home/timur/FormationControlCpp/PythonVersion [Cpp]/build/cpp_blob_detector
[35m[1mScanning dependencies of target cpp_blob_detector[0m
[ 50%] [32mBuilding CXX object CMakeFiles/cpp_blob_detector.dir/src/main.cpp.o[0m
[01m[K/home/timur/FormationControlCpp/PythonVersion [Cpp]/src/cpp_blob_detector/src/main.cpp:33:2:[m[K [01;31m[Kerror: [m[Kexpected â€˜[01m[K;[m[Kâ€™ after class definition
   33 | }
      |  [01;31m[K^[m[K
      |  [32m[K;[m[K
[01m[K/home/timur/FormationControlCpp/PythonVersion [Cpp]/src/cpp_blob_detector/src/main.cpp:[m[K In constructor â€˜[01m[KPublisher::Publisher()[m[Kâ€™:
[01m[K/home/timur/FormationControlCpp/PythonVersion [Cpp]/src/cpp_blob_detector/src/main.cpp:17:53:[m[K [01;31m[Kerror: [m[Kâ€˜[01m[Kmsgs[m[Kâ€™ is not a member of â€˜[01m[Kstd[m[Kâ€™
   17 |             publisher_= this->create_publisher<std::[01;31m[Kmsgs[m[K::msg::String>("observation_from_blob_detector",10);
      |                                                     [01;31m[K^~~~[m[K
[01m[K/home/timur/FormationControlCpp/PythonVersion [Cpp]/src/cpp_blob_detector/src/main.cpp:17:31:[m[K [01;31m[Kerror: [m[Kparse error in template argument list
   17 |             publisher_= this->[01;31m[Kcreate_publisher<std::msgs::msg::String>[m[K("observation_from_blob_detector",10);
      |                               [01;31m[K^~~~~~~~~~~~~~~~~~~~~~~~~~~~~~~~~~~~~~~~[m[K
[01m[K/home/timur/FormationControlCpp/PythonVersion [Cpp]/src/cpp_blob_detector/src/main.cpp:17:107:[m[K [01;31m[Kerror: [m[Kno matching function for call to â€˜[01m[KPublisher::create_publisher<<expression error> >(const char [31], int)[m[Kâ€™
   17 |             publisher_= this->create_publisher<std::msgs::msg::String>("observation_from_blob_detector",10[01;31m[K)[m[K;
      |                                                                                                           [01;31m[K^[m[K
In file included from [01m[K/opt/ros/galactic/include/rclcpp/executors/single_threaded_executor.hpp:28[m[K,
                 from [01m[K/opt/ros/galactic/include/rclcpp/executors.hpp:22[m[K,
                 from [01m[K/opt/ros/galactic/include/rclcpp/rclcpp.hpp:156[m[K,
                 from [01m[K/home/timur/FormationControlCpp/PythonVersion [Cpp]/src/cpp_blob_detector/src/main.cpp:6[m[K:
[01m[K/opt/ros/galactic/include/rclcpp/node.hpp:189:3:[m[K [01;36m[Knote: [m[Kcandidate: â€˜[01m[Ktemplate<class MessageT, class AllocatorT, class PublisherT> std::shared_ptr<PublisherT> rclcpp::Node::create_publisher(const string&, const rclcpp::QoS&, const rclcpp::PublisherOptionsWithAllocator<AllocatorT>&)[m[Kâ€™
  189 |   [01;36m[Kcreate_publisher[m[K(
      |   [01;36m[K^~~~~~~~~~~~~~~~[m[K
[01m[K/opt/ros/galactic/include/rclcpp/node.hpp:189:3:[m[K [01;36m[Knote: [m[K  template argument deduction/substitution failed:
[01m[K/home/timur/FormationControlCpp/PythonVersion [Cpp]/src/cpp_blob_detector/src/main.cpp:17:107:[m[K [01;31m[Kerror: [m[Ktemplate argument 1 is invalid
   17 |             publisher_= this->create_publisher<std::msgs::msg::String>("observation_from_blob_detector",10[01;31m[K)[m[K;
      |                                                                                                           [01;31m[K^[m[K
make[2]: *** [CMakeFiles/cpp_blob_detector.dir/build.make:63: CMakeFiles/cpp_blob_detector.dir/src/main.cpp.o] Error 1
make[1]: *** [CMakeFiles/Makefile2:78: CMakeFiles/cpp_blob_detector.dir/all] Error 2
make: *** [Makefile:141: all] Error 2
