[0.015s] Invoking command in '/home/timur/FormationControlCpp/PythonVersion [Cpp]/build/cpp_blob_detector': CMAKE_PREFIX_PATH=/opt/ros/galactic /usr/bin/cmake /home/timur/FormationControlCpp/PythonVersion [Cpp]/src/cpp_blob_detector -DCMAKE_INSTALL_PREFIX=/home/timur/FormationControlCpp/PythonVersion [Cpp]/install/cpp_blob_detector
[0.103s] -- The C compiler identification is GNU 9.3.0
[0.172s] -- The CXX compiler identification is GNU 9.3.0
[0.180s] -- Check for working C compiler: /usr/bin/cc
[0.252s] -- Check for working C compiler: /usr/bin/cc -- works
[0.254s] -- Detecting C compiler ABI info
[0.324s] -- Detecting C compiler ABI info - done
[0.336s] -- Detecting C compile features
[0.337s] -- Detecting C compile features - done
[0.341s] -- Check for working CXX compiler: /usr/bin/c++
[0.422s] -- Check for working CXX compiler: /usr/bin/c++ -- works
[0.423s] -- Detecting CXX compiler ABI info
[0.498s] -- Detecting CXX compiler ABI info - done
[0.512s] -- Detecting CXX compile features
[0.513s] -- Detecting CXX compile features - done
[0.519s] -- Found ament_cmake: 1.1.4 (/opt/ros/galactic/share/ament_cmake/cmake)
[0.544s] -- Found PythonInterp: /usr/bin/python3 (found suitable version "3.8.5", minimum required is "3") 
[0.544s] -- Using PYTHON_EXECUTABLE: /usr/bin/python3
[0.630s] -- Found rclcpp: 9.1.0 (/opt/ros/galactic/share/rclcpp/cmake)
[0.689s] -- Using all available rosidl_typesupport_c: rosidl_typesupport_fastrtps_c;rosidl_typesupport_introspection_c
[0.697s] -- Found rosidl_adapter: 2.2.1 (/opt/ros/galactic/share/rosidl_adapter/cmake)
[0.780s] -- Found OpenSSL: /usr/lib/x86_64-linux-gnu/libcrypto.so (found version "1.1.1f")  
[0.810s] -- Found FastRTPS: /opt/ros/galactic/include  
[0.894s] -- Using all available rosidl_typesupport_cpp: rosidl_typesupport_fastrtps_cpp;rosidl_typesupport_introspection_cpp
[0.969s] -- Found rmw_implementation_cmake: 3.3.1 (/opt/ros/galactic/share/rmw_implementation_cmake/cmake)
[0.974s] -- Found rmw_cyclonedds_cpp: 0.22.2 (/opt/ros/galactic/share/rmw_cyclonedds_cpp/cmake)
[0.998s] -- Using RMW implementation 'rmw_cyclonedds_cpp' as default
[1.000s] -- Looking for pthread.h
[1.072s] -- Looking for pthread.h - found
[1.073s] -- Performing Test CMAKE_HAVE_LIBC_PTHREAD
[1.150s] -- Performing Test CMAKE_HAVE_LIBC_PTHREAD - Failed
[1.150s] -- Looking for pthread_create in pthreads
[1.213s] -- Looking for pthread_create in pthreads - not found
[1.213s] -- Looking for pthread_create in pthread
[1.284s] -- Looking for pthread_create in pthread - found
[1.286s] -- Found Threads: TRUE  
[1.455s] -- Found ament_lint_auto: 0.10.6 (/opt/ros/galactic/share/ament_lint_auto/cmake)
[1.534s] -- Added test 'copyright' to check source files copyright and LICENSE
[1.540s] -- Configuring done
[1.547s] -- Generating done
[1.549s] -- Build files have been written to: /home/timur/FormationControlCpp/PythonVersion [Cpp]/build/cpp_blob_detector
[1.557s] Invoked command in '/home/timur/FormationControlCpp/PythonVersion [Cpp]/build/cpp_blob_detector' returned '0': CMAKE_PREFIX_PATH=/opt/ros/galactic /usr/bin/cmake /home/timur/FormationControlCpp/PythonVersion [Cpp]/src/cpp_blob_detector -DCMAKE_INSTALL_PREFIX=/home/timur/FormationControlCpp/PythonVersion [Cpp]/install/cpp_blob_detector
[1.561s] Invoking command in '/home/timur/FormationControlCpp/PythonVersion [Cpp]/build/cpp_blob_detector': CMAKE_PREFIX_PATH=/opt/ros/galactic /usr/bin/cmake --build /home/timur/FormationControlCpp/PythonVersion [Cpp]/build/cpp_blob_detector -- -j8 -l8
[1.600s] [35m[1mScanning dependencies of target cpp_blob_detector[0m
[1.693s] [ 50%] [32mBuilding CXX object CMakeFiles/cpp_blob_detector.dir/src/main.cpp.o[0m
[3.326s] [01m[K/home/timur/FormationControlCpp/PythonVersion [Cpp]/src/cpp_blob_detector/src/main.cpp:33:2:[m[K [01;31m[Kerror: [m[Kexpected â€˜[01m[K;[m[Kâ€™ after class definition
[3.326s]    33 | }
[3.326s]       |  [01;31m[K^[m[K
[3.326s]       |  [32m[K;[m[K
[3.327s] [01m[K/home/timur/FormationControlCpp/PythonVersion [Cpp]/src/cpp_blob_detector/src/main.cpp:[m[K In constructor â€˜[01m[KPublisher::Publisher()[m[Kâ€™:
[3.328s] [01m[K/home/timur/FormationControlCpp/PythonVersion [Cpp]/src/cpp_blob_detector/src/main.cpp:17:53:[m[K [01;31m[Kerror: [m[Kâ€˜[01m[Kmsgs[m[Kâ€™ is not a member of â€˜[01m[Kstd[m[Kâ€™
[3.328s]    17 |             publisher_= this->create_publisher<std::[01;31m[Kmsgs[m[K::msg::String>("observation_from_blob_detector",10);
[3.328s]       |                                                     [01;31m[K^~~~[m[K
[3.328s] [01m[K/home/timur/FormationControlCpp/PythonVersion [Cpp]/src/cpp_blob_detector/src/main.cpp:17:31:[m[K [01;31m[Kerror: [m[Kparse error in template argument list
[3.328s]    17 |             publisher_= this->[01;31m[Kcreate_publisher<std::msgs::msg::String>[m[K("observation_from_blob_detector",10);
[3.328s]       |                               [01;31m[K^~~~~~~~~~~~~~~~~~~~~~~~~~~~~~~~~~~~~~~~[m[K
[3.328s] [01m[K/home/timur/FormationControlCpp/PythonVersion [Cpp]/src/cpp_blob_detector/src/main.cpp:17:107:[m[K [01;31m[Kerror: [m[Kno matching function for call to â€˜[01m[KPublisher::create_publisher<<expression error> >(const char [31], int)[m[Kâ€™
[3.328s]    17 |             publisher_= this->create_publisher<std::msgs::msg::String>("observation_from_blob_detector",10[01;31m[K)[m[K;
[3.329s]       |                                                                                                           [01;31m[K^[m[K
[3.329s] In file included from [01m[K/opt/ros/galactic/include/rclcpp/executors/single_threaded_executor.hpp:28[m[K,
[3.329s]                  from [01m[K/opt/ros/galactic/include/rclcpp/executors.hpp:22[m[K,
[3.329s]                  from [01m[K/opt/ros/galactic/include/rclcpp/rclcpp.hpp:156[m[K,
[3.329s]                  from [01m[K/home/timur/FormationControlCpp/PythonVersion [Cpp]/src/cpp_blob_detector/src/main.cpp:6[m[K:
[3.329s] [01m[K/opt/ros/galactic/include/rclcpp/node.hpp:189:3:[m[K [01;36m[Knote: [m[Kcandidate: â€˜[01m[Ktemplate<class MessageT, class AllocatorT, class PublisherT> std::shared_ptr<PublisherT> rclcpp::Node::create_publisher(const string&, const rclcpp::QoS&, const rclcpp::PublisherOptionsWithAllocator<AllocatorT>&)[m[Kâ€™
[3.329s]   189 |   [01;36m[Kcreate_publisher[m[K(
[3.329s]       |   [01;36m[K^~~~~~~~~~~~~~~~[m[K
[3.330s] [01m[K/opt/ros/galactic/include/rclcpp/node.hpp:189:3:[m[K [01;36m[Knote: [m[K  template argument deduction/substitution failed:
[3.330s] [01m[K/home/timur/FormationControlCpp/PythonVersion [Cpp]/src/cpp_blob_detector/src/main.cpp:17:107:[m[K [01;31m[Kerror: [m[Ktemplate argument 1 is invalid
[3.330s]    17 |             publisher_= this->create_publisher<std::msgs::msg::String>("observation_from_blob_detector",10[01;31m[K)[m[K;
[3.330s]       |                                                                                                           [01;31m[K^[m[K
[4.063s] make[2]: *** [CMakeFiles/cpp_blob_detector.dir/build.make:63: CMakeFiles/cpp_blob_detector.dir/src/main.cpp.o] Error 1
[4.064s] make[1]: *** [CMakeFiles/Makefile2:78: CMakeFiles/cpp_blob_detector.dir/all] Error 2
[4.064s] make: *** [Makefile:141: all] Error 2
[4.066s] Invoked command in '/home/timur/FormationControlCpp/PythonVersion [Cpp]/build/cpp_blob_detector' returned '2': CMAKE_PREFIX_PATH=/opt/ros/galactic /usr/bin/cmake --build /home/timur/FormationControlCpp/PythonVersion [Cpp]/build/cpp_blob_detector -- -j8 -l8
