[0.019s] Invoking command in '/home/timur/FormationControlCpp/PythonVersion [Cpp]/build/cpp_blob_detector': CMAKE_PREFIX_PATH=${CMAKE_PREFIX_PATH}:/opt/ros/galactic /usr/bin/cmake --build /home/timur/FormationControlCpp/PythonVersion [Cpp]/build/cpp_blob_detector -- -j8 -l8
[0.074s] [35m[1mScanning dependencies of target cpp_blob_detector[0m
[0.119s] [ 50%] [32mBuilding CXX object CMakeFiles/cpp_blob_detector.dir/src/main.cpp.o[0m
[0.180s] In file included from [01m[K/home/timur/FormationControlCpp/PythonVersion [Cpp]/src/cpp_blob_detector/src/main.cpp:7[m[K:
[0.180s] [01m[K/usr/local/include/opencv4/opencv2/opencv.hpp:48:10:[m[K [01;31m[Kfatal error: [m[Kopencv2/opencv_modules.hpp: No such file or directory
[0.180s]    48 | #include [01;31m[K"opencv2/opencv_modules.hpp"[m[K
[0.180s]       |          [01;31m[K^~~~~~~~~~~~~~~~~~~~~~~~~~~~[m[K
[0.180s] compilation terminated.
[0.181s] make[2]: *** [CMakeFiles/cpp_blob_detector.dir/build.make:63: CMakeFiles/cpp_blob_detector.dir/src/main.cpp.o] Error 1
[0.181s] make[1]: *** [CMakeFiles/Makefile2:78: CMakeFiles/cpp_blob_detector.dir/all] Error 2
[0.182s] make: *** [Makefile:141: all] Error 2
[0.184s] Invoked command in '/home/timur/FormationControlCpp/PythonVersion [Cpp]/build/cpp_blob_detector' returned '2': CMAKE_PREFIX_PATH=${CMAKE_PREFIX_PATH}:/opt/ros/galactic /usr/bin/cmake --build /home/timur/FormationControlCpp/PythonVersion [Cpp]/build/cpp_blob_detector -- -j8 -l8
