[0.019s] Invoking command in '/home/timur/FormationControlCpp/PythonVersion [Cpp]/build/cpp_blob_detector': CMAKE_PREFIX_PATH=${CMAKE_PREFIX_PATH}:/opt/ros/galactic /usr/bin/cmake --build /home/timur/FormationControlCpp/PythonVersion [Cpp]/build/cpp_blob_detector -- -j8 -l8
[0.074s] [35m[1mScanning dependencies of target cpp_blob_detector[0m
[0.108s] [ 50%] [32mBuilding CXX object CMakeFiles/cpp_blob_detector.dir/src/main.cpp.o[0m
[0.168s] In file included from [01m[K/home/timur/FormationControlCpp/PythonVersion [Cpp]/src/cpp_blob_detector/src/main.cpp:6[m[K:
[0.169s] [01m[K/usr/local/include/opencv4/opencv2/highgui.hpp:46:10:[m[K [01;31m[Kfatal error: [m[Kopencv2/core.hpp: No such file or directory
[0.169s]    46 | #include [01;31m[K"opencv2/core.hpp"[m[K
[0.169s]       |          [01;31m[K^~~~~~~~~~~~~~~~~~[m[K
[0.169s] compilation terminated.
[0.170s] make[2]: *** [CMakeFiles/cpp_blob_detector.dir/build.make:63: CMakeFiles/cpp_blob_detector.dir/src/main.cpp.o] Error 1
[0.170s] make[1]: *** [CMakeFiles/Makefile2:78: CMakeFiles/cpp_blob_detector.dir/all] Error 2
[0.170s] make: *** [Makefile:141: all] Error 2
[0.173s] Invoked command in '/home/timur/FormationControlCpp/PythonVersion [Cpp]/build/cpp_blob_detector' returned '2': CMAKE_PREFIX_PATH=${CMAKE_PREFIX_PATH}:/opt/ros/galactic /usr/bin/cmake --build /home/timur/FormationControlCpp/PythonVersion [Cpp]/build/cpp_blob_detector -- -j8 -l8
